<?xml version="1.0" encoding="UTF-8"?>
<testng-results ignored="0" total="1" passed="1" failed="0" skipped="0">
  <reporter-output>
  </reporter-output>
  <suite started-at="2023-11-29T18:12:09 EET" name="Default suite" finished-at="2023-11-29T18:12:11 EET" duration-ms="1821">
    <groups>
    </groups>
    <test started-at="2023-11-29T18:12:09 EET" name="Default test" finished-at="2023-11-29T18:12:11 EET" duration-ms="1821">
      <class name="refreshTestNew.SwagLapTest">
        <test-method is-config="true" signature="MyBeforeTest()[pri:0, instance:refreshTestNew.SwagLapTest@72445aba]" started-at="2023-11-29T18:12:09 EET" name="MyBeforeTest" finished-at="2023-11-29T18:12:11 EET" duration-ms="1480" status="PASS">
          <reporter-output>
          </reporter-output>
        </test-method> <!-- MyBeforeTest -->
        <test-method signature="FirstTest()[pri:0, instance:refreshTestNew.SwagLapTest@72445aba]" started-at="2023-11-29T18:12:11 EET" name="FirstTest" finished-at="2023-11-29T18:12:11 EET" duration-ms="322" status="PASS">
          <reporter-output>
          </reporter-output>
        </test-method> <!-- FirstTest -->
        <test-method is-config="true" signature="MyAfterTest()[pri:0, instance:refreshTestNew.SwagLapTest@72445aba]" started-at="2023-11-29T18:12:11 EET" name="MyAfterTest" finished-at="2023-11-29T18:12:11 EET" duration-ms="0" status="PASS">
          <reporter-output>
          </reporter-output>
        </test-method> <!-- MyAfterTest -->
      </class> <!-- refreshTestNew.SwagLapTest -->
    </test> <!-- Default test -->
  </suite> <!-- Default suite -->
</testng-results>
